<?xml version="1.0" encoding="UTF-8"?>
<!-- Generated by org.testng.reporters.JUnitReportReporter -->
<testsuite hostname="DESKTOP-1C1CICJ" failures="0" tests="1" name="com.spicejet.Test.PaymentTest" time="392.938" errors="0" timestamp="2023-10-03T11:43:13 IST" skipped="0">
  <testcase classname="com.spicejet.Test.PaymentTest" name="Payment" time="392.938"/>
  <system-out/>
</testsuite> <!-- com.spicejet.Test.PaymentTest -->
